Build started 5/06/2015 10:56:02 PM.
     1>Project "C:\Users\32204274\Source\Repos\ICT289-Bobski\ICT289-Bobski.vcxproj" on node 2 (Build target(s)).
     1>ClCompile:
         C:\Program Files (x86)\Microsoft Visual Studio 10.0\VC\bin\CL.exe /c /ZI /nologo /W3 /WX- /Od /Oy- /D _CRT_SECURE_NO_DEPRECATE /D _MBCS /Gm /EHsc /RTC1 /MDd /GS /fp:precise /Zc:wchar_t /Zc:forScope /Fo"Debug\\" /Fd"Debug\vc100.pdb" /Gd /TC /analyze- /errorReport:prompt Transform.c
         Transform.c
       Link:
         C:\Program Files (x86)\Microsoft Visual Studio 10.0\VC\bin\link.exe /ERRORREPORT:PROMPT /OUT:"C:\Users\32204274\Source\Repos\ICT289-Bobski\Debug\ICT289-Bobski.exe" /NOLOGO opengl32.lib glu32.lib freeglut.lib kernel32.lib user32.lib gdi32.lib winspool.lib comdlg32.lib advapi32.lib shell32.lib ole32.lib oleaut32.lib uuid.lib odbc32.lib odbccp32.lib /MANIFEST /ManifestFile:"Debug\ICT289-Bobski.exe.intermediate.manifest" /MANIFESTUAC:"level='asInvoker' uiAccess='false'" /DEBUG /PDB:"C:\Users\32204274\Source\Repos\ICT289-Bobski\Debug\ICT289-Bobski.pdb" /TLBID:1 /DYNAMICBASE /NXCOMPAT /IMPLIB:"C:\Users\32204274\Source\Repos\ICT289-Bobski\Debug\ICT289-Bobski.lib" /MACHINE:X86 Debug\Camera.obj
         Debug\GameObject.obj
         Debug\ImageLoader.obj
         Debug\ObjLoader.obj
         Debug\Main.obj
         Debug\MathsUtil.obj
         Debug\Models.obj
         Debug\Move.obj
         Debug\BoundingBox.obj
         Debug\PhysicsObject.obj
         Debug\Scene.obj
         Debug\Transform.obj
         LINK : C:\Users\32204274\Source\Repos\ICT289-Bobski\Debug\ICT289-Bobski.exe not found or not built by the last incremental link; performing full link
         ICT289-Bobski.vcxproj -> C:\Users\32204274\Source\Repos\ICT289-Bobski\Debug\ICT289-Bobski.exe
       Manifest:
         C:\Program Files (x86)\Microsoft SDKs\Windows\v7.0A\bin\mt.exe /nologo /verbose /outputresource:"C:\Users\32204274\Source\Repos\ICT289-Bobski\Debug\ICT289-Bobski.exe;#1" /manifest "Debug\ICT289-Bobski.exe.intermediate.manifest"
     1>Done Building Project "C:\Users\32204274\Source\Repos\ICT289-Bobski\ICT289-Bobski.vcxproj" (Build target(s)).

Build succeeded.

Time Elapsed 00:00:00.39
